<?xml version="1.0" encoding="UTF-8"?>
<!-- Generated by org.testng.reporters.JUnitReportReporter -->
<testsuite hostname="Nitesh" failures="0" tests="2" name="TestNG.PriorityTestNG" time="0.050" errors="0" timestamp="2022-12-19T22:37:13 IST" skipped="0">
  <testcase classname="TestNG.PriorityTestNG" name="Test1" time="0.039"/>
  <system-out>
    <![CDATA[getit]]>
  </system-out>
  <testcase classname="TestNG.PriorityTestNG" name="Test2" time="0.011"/>
  <system-out>
    <![CDATA[now]]>
  </system-out>
</testsuite> <!-- TestNG.PriorityTestNG -->
